SF:cdisplayagain.py
DA:4,1
DA:6,1
DA:7,1
DA:8,1
DA:9,1
DA:10,1
DA:11,1
DA:12,1
DA:13,1
DA:14,1
DA:15,1
DA:16,1
DA:17,1
DA:18,1
DA:19,1
DA:20,1
DA:21,1
DA:22,1
DA:23,1
DA:24,1
DA:26,1
DA:28,1
DA:30,1
DA:33,1
DA:35,1
DA:38,1
DA:39,1
DA:40,1
DA:50,1
DA:51,1
DA:52,1
DA:55,1
DA:57,0
DA:58,0
DA:59,0
DA:60,0
DA:61,0
DA:67,0
DA:70,1
DA:72,1
DA:73,1
DA:76,1
DA:79,1
DA:81,1
DA:82,1
DA:83,1
DA:85,1
DA:87,1
DA:88,1
DA:90,1
DA:92,1
DA:93,1
DA:94,1
DA:95,1
DA:98,1
DA:101,1
DA:104,1
DA:106,1
DA:109,1
DA:111,1
DA:114,1
DA:117,1
DA:119,1
DA:120,0
DA:121,1
DA:122,1
DA:124,1
DA:126,1
DA:127,1
DA:128,1
DA:129,1
DA:131,1
DA:133,1
DA:134,1
DA:136,1
DA:137,1
DA:138,1
DA:140,1
DA:142,1
DA:143,1
DA:144,0
DA:145,0
DA:147,1
DA:149,1
DA:151,1
DA:153,1
DA:155,1
DA:157,1
DA:160,1
DA:161,1
DA:164,1
DA:165,1
DA:166,1
DA:169,1
DA:172,1
DA:176,1
DA:177,1
DA:178,1
DA:180,1
DA:182,1
DA:183,0
DA:184,1
DA:185,1
DA:187,1
DA:188,1
DA:189,1
DA:192,1
DA:195,1
DA:197,1
DA:198,1
DA:199,1
DA:200,1
DA:202,1
DA:204,1
DA:205,0
DA:207,1
DA:208,1
DA:209,1
DA:211,1
DA:214,1
DA:216,1
DA:218,1
DA:220,1
DA:221,1
DA:222,1
DA:223,1
DA:224,1
DA:225,1
DA:227,1
DA:228,1
DA:229,1
DA:231,1
DA:232,1
DA:234,1
DA:235,1
DA:236,1
DA:237,1
DA:238,1
DA:240,1
DA:243,1
DA:245,1
DA:247,1
DA:248,1
DA:249,1
DA:250,1
DA:251,1
DA:253,1
DA:254,1
DA:256,1
DA:257,1
DA:258,1
DA:260,1
DA:261,1
DA:262,1
DA:263,1
DA:265,1
DA:266,1
DA:267,1
DA:268,1
DA:270,1
DA:271,1
DA:272,1
DA:273,1
DA:274,1
DA:275,1
DA:277,1
DA:278,1
DA:280,1
DA:281,1
DA:283,1
DA:285,1
DA:286,1
DA:288,1
DA:289,1
DA:290,1
DA:291,1
DA:292,1
DA:294,1
DA:295,1
DA:296,1
DA:297,1
DA:298,0
DA:299,0
DA:300,1
DA:303,1
DA:305,1
DA:307,1
DA:308,1
DA:309,1
DA:310,1
DA:312,1
DA:313,1
DA:314,1
DA:315,1
DA:316,1
DA:317,1
DA:319,1
DA:320,1
DA:321,1
DA:323,1
DA:325,1
DA:326,1
DA:327,1
DA:328,1
DA:329,1
DA:330,1
DA:331,1
DA:332,0
DA:333,0
DA:335,1
DA:336,1
DA:337,1
DA:338,0
DA:339,0
DA:341,1
DA:344,1
DA:346,1
DA:347,1
DA:349,1
DA:352,1
DA:353,1
DA:354,1
DA:356,1
DA:357,1
DA:359,1
DA:361,1
DA:362,1
DA:364,1
DA:367,1
DA:369,1
DA:370,1
DA:372,1
DA:374,1
DA:375,0
DA:377,1
DA:380,1
DA:383,1
DA:385,1
DA:387,1
DA:388,1
DA:389,1
DA:390,1
DA:391,1
DA:392,1
DA:393,1
DA:394,1
DA:396,1
DA:400,1
DA:401,0
DA:402,1
DA:403,1
DA:404,1
DA:405,1
DA:406,1
DA:408,1
DA:410,1
DA:411,0
DA:412,1
DA:413,1
DA:414,1
DA:416,1
DA:418,1
DA:420,1
DA:422,1
DA:423,1
DA:424,1
DA:425,0
DA:426,0
DA:428,1
DA:429,1
DA:430,1
DA:431,0
DA:432,0
DA:433,1
DA:435,1
DA:437,0
DA:439,1
DA:441,0
DA:442,0
DA:444,1
DA:446,1
DA:447,1
DA:448,1
DA:449,1
DA:453,1
DA:454,1
DA:456,1
DA:457,0
DA:459,1
DA:460,1
DA:461,0
DA:462,1
DA:464,1
DA:465,1
DA:467,1
DA:469,1
DA:470,1
DA:476,1
DA:478,1
DA:479,0
DA:481,1
DA:482,1
DA:483,0
DA:484,1
DA:485,1
DA:487,1
DA:488,0
DA:490,1
DA:491,1
DA:493,1
DA:495,1
DA:496,1
DA:497,1
DA:502,1
DA:503,1
DA:505,1
DA:506,1
DA:507,1
DA:508,1
DA:509,1
DA:512,1
DA:514,1
DA:515,0
DA:517,1
DA:518,1
DA:519,1
DA:520,1
DA:521,1
DA:522,1
DA:523,0
DA:524,1
DA:525,1
DA:526,1
DA:527,0
DA:528,1
DA:529,1
DA:530,1
DA:533,1
DA:536,1
DA:538,1
DA:540,1
DA:542,1
DA:543,1
DA:545,1
DA:547,1
DA:548,1
DA:549,1
DA:550,1
DA:551,1
DA:553,1
DA:555,1
DA:556,1
DA:557,1
DA:558,1
DA:559,1
DA:561,1
DA:562,1
DA:563,1
DA:564,1
DA:566,1
DA:567,1
DA:568,1
DA:571,1
DA:572,1
DA:573,1
DA:574,1
DA:577,1
DA:578,1
DA:579,1
DA:580,1
DA:581,1
DA:582,1
DA:583,1
DA:585,1
DA:586,1
DA:587,1
DA:588,1
DA:589,1
DA:590,1
DA:591,1
DA:592,1
DA:593,1
DA:595,1
DA:596,1
DA:598,1
DA:599,1
DA:600,1
DA:601,1
DA:603,1
DA:604,1
DA:605,1
DA:606,1
DA:607,1
DA:608,1
DA:610,1
DA:611,1
DA:613,1
DA:614,1
DA:615,1
DA:616,1
DA:619,1
DA:622,1
DA:623,1
DA:625,1
DA:627,1
DA:628,1
DA:630,1
DA:632,1
DA:633,1
DA:634,1
DA:635,1
DA:636,1
DA:637,1
DA:638,1
DA:640,1
DA:642,1
DA:643,1
DA:644,1
DA:645,1
DA:646,1
DA:647,0
DA:648,0
DA:650,1
DA:651,0
DA:652,0
DA:653,0
DA:654,0
DA:655,0
DA:656,0
DA:657,0
DA:658,0
DA:659,0
DA:661,0
DA:663,0
DA:664,0
DA:665,0
DA:666,0
DA:667,0
DA:669,1
DA:671,0
DA:672,0
DA:673,0
DA:674,0
DA:675,0
DA:676,0
DA:677,0
DA:678,0
DA:679,0
DA:680,0
DA:681,0
DA:682,0
DA:683,0
DA:685,1
DA:686,1
DA:687,1
DA:688,0
DA:689,0
DA:690,1
DA:692,1
DA:694,1
DA:695,0
DA:697,1
DA:698,1
DA:699,0
DA:700,0
DA:701,0
DA:703,1
DA:704,1
DA:705,0
DA:706,0
DA:708,1
DA:709,1
DA:710,0
DA:711,0
DA:714,0
DA:716,1
DA:717,1
DA:718,0
DA:719,1
DA:720,0
DA:722,1
DA:723,0
DA:724,0
DA:727,0
DA:729,1
DA:730,1
DA:731,0
DA:732,0
DA:733,0
DA:735,1
DA:737,1
DA:738,1
DA:739,1
DA:740,1
DA:741,1
DA:742,1
DA:744,1
DA:745,1
DA:746,1
DA:747,1
DA:748,1
DA:749,1
DA:750,1
DA:751,1
DA:752,1
DA:753,1
DA:754,1
DA:755,1
DA:756,1
DA:757,1
DA:758,1
DA:759,1
DA:760,1
DA:761,1
DA:762,1
DA:763,1
DA:764,1
DA:765,1
DA:766,1
DA:767,1
DA:769,1
DA:770,0
DA:772,1
DA:773,1
DA:775,1
DA:776,0
DA:778,1
DA:779,1
DA:781,1
DA:782,0
DA:791,1
DA:793,0
DA:794,0
DA:795,0
DA:796,0
DA:797,0
DA:798,0
DA:799,0
DA:800,0
DA:801,0
DA:802,0
DA:803,0
DA:804,0
DA:805,0
DA:806,0
DA:807,0
DA:808,0
DA:810,1
DA:811,1
DA:812,1
DA:813,0
DA:814,0
DA:815,0
DA:816,0
DA:817,0
DA:818,0
DA:819,0
DA:820,0
DA:821,0
DA:822,0
DA:823,0
DA:824,0
DA:826,0
DA:827,0
DA:828,0
DA:829,0
DA:831,0
DA:833,0
DA:834,0
DA:836,0
DA:837,0
DA:838,0
DA:839,0
DA:841,0
DA:842,0
DA:847,0
DA:848,0
DA:850,0
DA:851,0
DA:856,0
DA:857,0
DA:859,0
DA:861,0
DA:862,0
DA:864,0
DA:866,0
DA:867,0
DA:868,0
DA:870,0
DA:871,0
DA:873,0
DA:874,0
DA:876,0
DA:877,0
DA:878,0
DA:880,0
DA:882,0
DA:883,0
DA:885,0
DA:886,0
DA:888,0
DA:889,0
DA:890,0
DA:891,0
DA:892,0
DA:893,0
DA:894,0
DA:895,0
DA:896,0
DA:897,0
DA:899,1
DA:900,1
DA:901,1
DA:903,1
DA:904,0
DA:905,0
DA:906,0
DA:907,0
DA:909,1
DA:910,1
DA:911,1
DA:912,1
DA:913,1
DA:914,1
DA:915,1
DA:916,1
DA:917,1
DA:919,1
DA:920,1
DA:921,1
DA:922,1
DA:923,1
DA:924,0
DA:925,0
DA:926,0
DA:927,0
DA:928,0
DA:930,1
DA:931,1
DA:934,1
DA:935,1
DA:937,1
DA:938,1
DA:939,1
DA:940,1
DA:941,0
DA:942,0
DA:943,0
DA:945,0
DA:946,1
DA:948,1
DA:949,1
DA:950,1
DA:952,1
DA:953,1
DA:954,1
DA:955,1
DA:956,1
DA:958,1
DA:960,1
DA:961,1
DA:962,1
DA:963,1
DA:964,1
DA:965,1
DA:967,1
DA:968,1
DA:969,1
DA:970,1
DA:972,1
DA:974,1
DA:975,1
DA:977,1
DA:978,1
DA:979,1
DA:980,1
DA:981,1
DA:982,1
DA:984,1
DA:986,1
DA:987,1
DA:988,1
DA:989,1
DA:990,0
DA:991,0
DA:992,0
DA:994,0
DA:996,1
DA:997,1
DA:998,1
DA:999,1
DA:1000,1
DA:1002,0
DA:1004,1
DA:1005,1
DA:1006,1
DA:1007,1
DA:1008,1
DA:1009,1
DA:1011,0
DA:1012,0
DA:1013,1
DA:1014,1
DA:1016,1
DA:1017,1
DA:1019,1
DA:1020,1
DA:1021,1
DA:1022,1
DA:1023,1
DA:1024,1
DA:1026,1
DA:1027,1
DA:1029,1
DA:1031,1
DA:1032,0
DA:1033,1
DA:1034,0
DA:1035,1
DA:1037,1
DA:1038,1
DA:1039,1
DA:1041,1
DA:1042,1
DA:1043,0
DA:1044,1
DA:1045,0
DA:1046,0
DA:1047,0
DA:1048,0
DA:1049,1
DA:1050,1
DA:1051,1
DA:1052,1
DA:1053,1
DA:1055,1
DA:1056,1
DA:1058,1
DA:1059,1
DA:1060,1
DA:1061,1
DA:1062,1
DA:1063,1
DA:1065,1
DA:1066,1
DA:1067,1
DA:1072,1
DA:1074,0
DA:1075,0
DA:1077,0
DA:1078,0
DA:1079,0
DA:1080,0
DA:1081,0
DA:1083,0
DA:1084,0
DA:1086,0
DA:1089,0
DA:1090,0
DA:1091,0
DA:1097,0
DA:1104,0
DA:1107,0
DA:1108,0
DA:1110,0
DA:1111,0
DA:1118,0
DA:1121,0
DA:1122,0
DA:1124,0
DA:1125,0
DA:1132,0
DA:1133,0
DA:1140,0
DA:1143,0
DA:1144,0
DA:1146,0
DA:1147,0
DA:1154,0
DA:1155,0
DA:1162,0
DA:1163,0
DA:1170,0
DA:1171,0
DA:1173,0
DA:1174,0
DA:1175,0
DA:1176,0
DA:1177,0
DA:1178,0
DA:1180,0
DA:1181,0
DA:1182,0
DA:1183,0
DA:1185,0
DA:1187,0
DA:1188,0
DA:1189,0
DA:1191,0
DA:1192,0
DA:1193,0
DA:1195,0
DA:1197,0
DA:1198,0
DA:1200,0
DA:1201,0
DA:1203,1
DA:1204,1
DA:1205,1
DA:1206,1
DA:1208,1
DA:1209,1
DA:1210,1
DA:1211,1
DA:1212,1
DA:1213,1
DA:1214,1
DA:1215,1
DA:1217,1
DA:1218,0
DA:1219,0
DA:1220,0
DA:1222,0
DA:1224,1
DA:1225,1
DA:1226,1
DA:1227,1
DA:1228,1
DA:1229,1
DA:1231,1
DA:1232,1
DA:1234,1
DA:1235,1
DA:1246,1
DA:1247,1
DA:1248,1
DA:1250,1
DA:1251,1
DA:1252,1
DA:1253,1
DA:1254,1
DA:1255,1
DA:1256,1
DA:1258,1
DA:1259,1
DA:1260,1
DA:1261,0
DA:1262,1
DA:1263,1
DA:1265,1
DA:1266,1
DA:1267,0
DA:1269,1
DA:1270,0
DA:1272,1
DA:1274,1
DA:1275,0
DA:1276,0
DA:1277,0
DA:1278,0
DA:1279,0
DA:1280,0
DA:1281,0
DA:1282,0
DA:1284,0
DA:1286,1
DA:1287,1
DA:1288,1
DA:1289,1
DA:1290,1
DA:1291,1
DA:1292,1
DA:1294,1
DA:1295,1
DA:1296,0
DA:1297,1
DA:1298,1
DA:1299,1
DA:1300,1
DA:1302,1
DA:1303,1
DA:1304,1
DA:1305,1
DA:1306,1
DA:1308,1
DA:1309,1
DA:1310,0
DA:1311,0
DA:1312,0
DA:1313,1
DA:1315,1
DA:1316,1
DA:1317,1
DA:1318,1
DA:1320,1
DA:1322,1
DA:1323,1
DA:1324,0
DA:1325,0
DA:1326,0
DA:1328,1
DA:1329,1
DA:1332,1
DA:1334,1
DA:1335,1
DA:1336,1
DA:1337,1
DA:1339,1
DA:1340,0
DA:1341,0
DA:1343,0
DA:1344,0
DA:1345,0
DA:1346,0
DA:1347,0
DA:1348,0
DA:1349,0
DA:1350,0
DA:1352,0
DA:1353,0
DA:1354,0
DA:1355,0
DA:1357,0
DA:1359,0
DA:1360,0
DA:1361,0
DA:1362,0
DA:1363,0
DA:1364,0
DA:1365,0
DA:1366,0
DA:1368,0
DA:1369,0
DA:1370,0
DA:1373,0
DA:1374,0
DA:1375,0
DA:1377,0
DA:1378,0
DA:1379,0
DA:1380,0
DA:1382,0
DA:1383,0
DA:1384,0
DA:1386,0
DA:1387,0
DA:1388,0
DA:1389,0
DA:1391,0
DA:1392,0
DA:1395,0
DA:1397,0
DA:1399,1
DA:1400,1
DA:1401,1
DA:1402,1
DA:1403,1
DA:1404,1
DA:1405,1
DA:1406,1
DA:1407,1
DA:1408,1
DA:1410,1
DA:1411,1
DA:1412,1
DA:1414,1
DA:1415,1
DA:1416,0
DA:1417,0
DA:1418,0
DA:1420,1
DA:1423,1
DA:1425,1
DA:1426,1
DA:1427,1
DA:1428,1
DA:1429,1
DA:1430,1
DA:1431,1
DA:1432,1
DA:1433,1
DA:1434,1
DA:1442,1
DA:1443,1
DA:1445,1
DA:1447,1
DA:1448,1
DA:1450,1
DA:1451,0
DA:1453,1
DA:1454,1
DA:1455,1
DA:1456,1
DA:1457,1
DA:1458,1
DA:1459,1
DA:1460,0
DA:1461,1
DA:1462,1
DA:1463,1
DA:1464,0
DA:1465,0
DA:1467,1
DA:1468,1
DA:1469,1
DA:1470,1
DA:1471,1
DA:1472,1
DA:1473,1
DA:1474,1
DA:1475,1
DA:1476,0
DA:1477,0
DA:1478,0
DA:1479,0
DA:1480,0
DA:1481,0
DA:1482,0
DA:1483,0
DA:1484,0
DA:1485,0
DA:1486,0
DA:1487,0
DA:1488,0
DA:1489,0
DA:1491,1
DA:1492,0
DA:1493,0
DA:1495,1
DA:1496,0
DA:1497,0
DA:1499,1
DA:1500,1
DA:1501,1
DA:1502,0
DA:1503,0
DA:1504,0
DA:1505,0
DA:1506,0
DA:1508,0
DA:1510,0
DA:1511,0
DA:1512,0
DA:1513,0
DA:1514,0
DA:1516,1
DA:1518,1
DA:1519,1
DA:1520,0
DA:1521,1
DA:1522,1
DA:1523,1
DA:1524,1
DA:1525,1
DA:1527,1
DA:1529,1
DA:1530,1
DA:1531,0
DA:1532,1
DA:1533,1
DA:1534,1
DA:1535,1
DA:1536,1
DA:1538,1
DA:1540,1
DA:1541,1
DA:1542,0
DA:1543,1
DA:1544,1
DA:1545,1
DA:1546,1
DA:1548,1
DA:1550,1
DA:1551,1
DA:1552,0
DA:1553,1
DA:1554,1
DA:1555,1
DA:1556,1
DA:1558,1
DA:1560,0
DA:1561,0
DA:1563,1
DA:1565,0
DA:1566,0
DA:1568,1
DA:1570,0
DA:1571,0
DA:1573,1
DA:1575,0
DA:1576,0
DA:1578,1
DA:1580,0
DA:1581,0
DA:1583,0
DA:1584,0
DA:1585,0
DA:1586,0
DA:1588,0
DA:1589,0
DA:1590,0
DA:1592,1
DA:1594,0
DA:1595,0
DA:1596,0
DA:1597,0
DA:1598,0
DA:1599,0
DA:1601,1
DA:1603,0
DA:1604,0
DA:1606,1
DA:1608,0
DA:1609,0
DA:1611,1
DA:1613,0
DA:1614,0
DA:1616,1
DA:1618,0
DA:1619,0
DA:1620,0
DA:1622,1
DA:1624,0
DA:1625,0
DA:1626,0
DA:1627,0
DA:1628,0
DA:1629,0
DA:1631,1
DA:1633,0
DA:1634,0
DA:1635,0
DA:1637,1
DA:1639,0
DA:1640,0
DA:1641,0
DA:1644,1
DA:1646,0
DA:1647,0
DA:1648,0
DA:1649,0
DA:1652,0
DA:1653,0
DA:1655,0
DA:1656,0
DA:1657,0
DA:1660,0
DA:1663,0
DA:1664,0
DA:1665,0
DA:1666,0
DA:1668,0
DA:1669,0
DA:1670,0
DA:1671,0
DA:1673,0
DA:1674,0
DA:1677,0
DA:1679,0
DA:1680,0
DA:1681,0
DA:1682,0
DA:1684,0
DA:1685,0
DA:1688,1
DA:1690,0
DA:1691,0
DA:1693,0
DA:1694,0
DA:1695,0
DA:1696,0
DA:1703,0
DA:1704,0
DA:1705,0
DA:1706,0
DA:1715,0
LF:1176
LH:738
FN:33,35,_as_wm
FNDA:1,_as_wm
FN:55,67,_init_logging
FNDA:0,_init_logging
FN:70,73,perf_log
FNDA:1,perf_log
FN:79,83,PerfTimer.__init__
FNDA:1,PerfTimer.__init__
FN:85,88,PerfTimer.__enter__
FNDA:1,PerfTimer.__enter__
FN:90,95,PerfTimer.__exit__
FNDA:1,PerfTimer.__exit__
FN:98,101,natural_key
FNDA:1,natural_key
FN:104,106,is_image_name
FNDA:1,is_image_name
FN:109,111,is_text_name
FNDA:1,is_text_name
FN:117,122,LRUCache.__init__
FNDA:1,LRUCache.__init__
FN:124,129,LRUCache.get
FNDA:1,LRUCache.get
FN:131,138,LRUCache.__setitem__
FNDA:1,LRUCache.__setitem__
FN:140,145,LRUCache.__getitem__
FNDA:1,LRUCache.__getitem__
FN:147,149,LRUCache.__contains__
FNDA:1,LRUCache.__contains__
FN:151,153,LRUCache.__len__
FNDA:1,LRUCache.__len__
FN:155,157,LRUCache.clear
FNDA:1,LRUCache.clear
FN:172,178,FocusRestorer.__init__
FNDA:1,FocusRestorer.__init__
FN:180,185,FocusRestorer.schedule
FNDA:1,FocusRestorer.schedule
FN:187,189,FocusRestorer._run
FNDA:1,FocusRestorer._run
FN:195,200,Debouncer.__init__
FNDA:1,Debouncer.__init__
FN:202,211,Debouncer.trigger
FNDA:1,Debouncer.trigger
FN:207,209,Debouncer.trigger.wrapper
FNDA:1,Debouncer.trigger.wrapper
FN:214,240,load_cbz
FNDA:1,load_cbz
FN:231,232,load_cbz.get_bytes
FNDA:1,load_cbz.get_bytes
FN:234,238,load_cbz.cleanup
FNDA:1,load_cbz.cleanup
FN:243,300,load_cbr
FNDA:1,load_cbr
FN:285,286,load_cbr.get_bytes
FNDA:1,load_cbr.get_bytes
FN:288,292,load_cbr.cleanup
FNDA:1,load_cbr.cleanup
FN:303,341,load_tar
FNDA:1,load_tar
FN:325,333,load_tar.get_bytes
FNDA:1,load_tar.get_bytes
FN:335,339,load_tar.cleanup
FNDA:1,load_tar.cleanup
FN:344,364,load_directory
FNDA:1,load_directory
FN:361,362,load_directory.get_bytes
FNDA:1,load_directory.get_bytes
FN:367,377,load_image_file
FNDA:1,load_image_file
FN:374,375,load_image_file.get_bytes
FNDA:0,load_image_file.get_bytes
FN:385,394,ImageWorker.__init__
FNDA:1,ImageWorker.__init__
FN:396,406,ImageWorker.request_page
FNDA:1,ImageWorker.request_page
FN:408,414,ImageWorker.preload
FNDA:1,ImageWorker.preload
FN:416,433,ImageWorker.stop
FNDA:1,ImageWorker.stop
FN:435,437,ImageWorker.__enter__
FNDA:0,ImageWorker.__enter__
FN:439,442,ImageWorker.__exit__
FNDA:0,ImageWorker.__exit__
FN:444,509,ImageWorker._run
FNDA:1,ImageWorker._run
FN:512,530,load_comic
FNDA:1,load_comic
FN:536,538,ComicViewer.__del__
FNDA:1,ComicViewer.__del__
FN:540,543,ComicViewer.cleanup
FNDA:1,ComicViewer.cleanup
FN:545,625,ComicViewer.__init__
FNDA:1,ComicViewer.__init__
FN:627,628,ComicViewer._request_focus
FNDA:1,ComicViewer._request_focus
FN:630,638,ComicViewer.event_generate
FNDA:1,ComicViewer.event_generate
FN:640,648,ComicViewer._configure_cursor
FNDA:1,ComicViewer._configure_cursor
FN:650,667,ComicViewer._set_cursor_hidden
FNDA:0,ComicViewer._set_cursor_hidden
FN:669,683,ComicViewer.toggle_fullscreen
FNDA:0,ComicViewer.toggle_fullscreen
FN:685,690,ComicViewer._ensure_focus
FNDA:1,ComicViewer._ensure_focus
FN:692,735,ComicViewer._prime_imagetk
FNDA:1,ComicViewer._prime_imagetk
FN:737,742,ComicViewer._photoimage_from_pil
FNDA:1,ComicViewer._photoimage_from_pil
FN:744,767,ComicViewer._bind_keys
FNDA:1,ComicViewer._bind_keys
FN:769,770,ComicViewer._trigger_next
FNDA:0,ComicViewer._trigger_next
FN:772,773,ComicViewer._trigger_prev
FNDA:1,ComicViewer._trigger_prev
FN:775,776,ComicViewer._trigger_space
FNDA:0,ComicViewer._trigger_space
FN:778,779,ComicViewer._execute_page_change
FNDA:1,ComicViewer._execute_page_change
FN:781,789,ComicViewer._log_key_event
FNDA:0,ComicViewer._log_key_event
FN:791,808,ComicViewer._cancel_active_dialog
FNDA:0,ComicViewer._cancel_active_dialog
FN:810,897,ComicViewer._open_dialog
FNDA:1,ComicViewer._open_dialog
FN:841,848,ComicViewer._open_dialog.browse
FNDA:0,ComicViewer._open_dialog.browse
FN:850,857,ComicViewer._open_dialog.browse_multi
FNDA:0,ComicViewer._open_dialog.browse_multi
FN:866,868,ComicViewer._open_dialog.on_ok
FNDA:0,ComicViewer._open_dialog.on_ok
FN:870,871,ComicViewer._open_dialog.on_cancel
FNDA:0,ComicViewer._open_dialog.on_cancel
FN:899,931,ComicViewer._open_comic
FNDA:1,ComicViewer._open_comic
FN:934,970,ComicViewer._display_cached_image
FNDA:1,ComicViewer._display_cached_image
FN:972,1014,ComicViewer._display_image_fast
FNDA:1,ComicViewer._display_image_fast
FN:1016,1039,ComicViewer._update_from_cache
FNDA:1,ComicViewer._update_from_cache
FN:1041,1056,ComicViewer._quit
FNDA:1,ComicViewer._quit
FN:1058,1063,ComicViewer._minimize
FNDA:1,ComicViewer._minimize
FN:1065,1070,ComicViewer._show_help
FNDA:1,ComicViewer._show_help
FN:1072,1201,ComicViewer._show_config
FNDA:0,ComicViewer._show_config
FN:1180,1183,ComicViewer._show_config.apply_color
FNDA:0,ComicViewer._show_config.apply_color
FN:1191,1193,ComicViewer._show_config.on_close
FNDA:0,ComicViewer._show_config.on_close
FN:1203,1206,ComicViewer._dismiss_info
FNDA:1,ComicViewer._dismiss_info
FN:1208,1215,ComicViewer._build_context_menu
FNDA:1,ComicViewer._build_context_menu
FN:1217,1222,ComicViewer._show_context_menu
FNDA:0,ComicViewer._show_context_menu
FN:1224,1232,ComicViewer._bind_mouse
FNDA:1,ComicViewer._bind_mouse
FN:1234,1244,ComicViewer._log_mouse_event
FNDA:1,ComicViewer._log_mouse_event
FN:1246,1248,ComicViewer._start_pan
FNDA:1,ComicViewer._start_pan
FN:1250,1256,ComicViewer._drag_pan
FNDA:1,ComicViewer._drag_pan
FN:1258,1272,ComicViewer._on_mouse_wheel
FNDA:1,ComicViewer._on_mouse_wheel
FN:1274,1284,ComicViewer._on_canvas_configure
FNDA:0,ComicViewer._on_canvas_configure
FN:1286,1292,ComicViewer._update_title
FNDA:1,ComicViewer._update_title
FN:1294,1300,ComicViewer._find_next_image_index
FNDA:1,ComicViewer._find_next_image_index
FN:1302,1337,ComicViewer._render_current
FNDA:1,ComicViewer._render_current
FN:1339,1397,ComicViewer._render_current_sync
FNDA:0,ComicViewer._render_current_sync
FN:1399,1423,ComicViewer._render_info_with_image
FNDA:1,ComicViewer._render_info_with_image
FN:1425,1443,ComicViewer._show_info_overlay
FNDA:1,ComicViewer._show_info_overlay
FN:1445,1448,ComicViewer.winfo_children
FNDA:1,ComicViewer.winfo_children
FN:1450,1451,ComicViewer._scroll_step
FNDA:0,ComicViewer._scroll_step
FN:1453,1465,ComicViewer._scroll_by
FNDA:1,ComicViewer._scroll_by
FN:1467,1489,ComicViewer._space_advance
FNDA:1,ComicViewer._space_advance
FN:1491,1493,ComicViewer._scroll_down
FNDA:0,ComicViewer._scroll_down
FN:1495,1497,ComicViewer._scroll_up
FNDA:0,ComicViewer._scroll_up
FN:1499,1514,ComicViewer._reposition_current_image
FNDA:1,ComicViewer._reposition_current_image
FN:1516,1525,ComicViewer.next_page
FNDA:1,ComicViewer.next_page
FN:1527,1536,ComicViewer.prev_page
FNDA:1,ComicViewer.prev_page
FN:1538,1546,ComicViewer.first_page
FNDA:1,ComicViewer.first_page
FN:1548,1556,ComicViewer.last_page
FNDA:1,ComicViewer.last_page
FN:1558,1561,ComicViewer.set_one_page_mode
FNDA:0,ComicViewer.set_one_page_mode
FN:1563,1566,ComicViewer.set_two_page_mode
FNDA:0,ComicViewer.set_two_page_mode
FN:1568,1571,ComicViewer.toggle_color_balance
FNDA:0,ComicViewer.toggle_color_balance
FN:1573,1576,ComicViewer.toggle_yellow_reduction
FNDA:0,ComicViewer.toggle_yellow_reduction
FN:1578,1590,ComicViewer._show_hint_popup
FNDA:0,ComicViewer._show_hint_popup
FN:1592,1599,ComicViewer._dismiss_hint_popup
FNDA:0,ComicViewer._dismiss_hint_popup
FN:1601,1604,ComicViewer.toggle_two_pages
FNDA:0,ComicViewer.toggle_two_pages
FN:1606,1609,ComicViewer.toggle_hints
FNDA:0,ComicViewer.toggle_hints
FN:1611,1614,ComicViewer.toggle_two_page_advance
FNDA:0,ComicViewer.toggle_two_page_advance
FN:1616,1620,ComicViewer.set_page_buffer
FNDA:0,ComicViewer.set_page_buffer
FN:1622,1629,ComicViewer.set_background_color
FNDA:0,ComicViewer.set_background_color
FN:1631,1635,ComicViewer.set_small_cursor
FNDA:0,ComicViewer.set_small_cursor
FN:1637,1641,ComicViewer.set_mouse_binding
FNDA:0,ComicViewer.set_mouse_binding
FN:1644,1685,main
FNDA:0,main
FN:1688,1715,require_pyvips
FNDA:0,require_pyvips
FNF:117
FNH:79
end_of_record
